文法

    0 $accept: program $end

    1 program: FN MAIN LPAREN RPAREN LBRACE statements RBRACE

    2 statements: /* 空 */
    3           | statement statements

    4 statement: declaration SEMI
    5          | assignment SEMI
    6          | io SEMI
    7          | IF LPAREN condition RPAREN LBRACE statements RBRACE
    8          | IF LPAREN condition RPAREN LBRACE statements RBRACE ELSE LBRACE statements RBRACE
    9          | WHILE LPAREN IDENT RPAREN LBRACE statements RBRACE

   10 io: SCAN LPAREN IDENT RPAREN
   11   | PRINT LPAREN IDENT RPAREN
   12   | PRINT LPAREN STR RPAREN

   13 condition: expression EQUAL expression
   14          | expression NOTEQUAL expression
   15          | expression LESS expression
   16          | expression LESSEQUAL expression
   17          | expression GREATER expression
   18          | expression GREATEREQUAL expression

   19 declaration: UINT LPAREN INTNUMBER RPAREN IDENT
   20            | INT LPAREN INTNUMBER RPAREN IDENT
   21            | FIXED LPAREN INTNUMBER COMMA INTNUMBER RPAREN IDENT
   22            | BOOL IDENT
   23            | CHAR IDENT

   24 assignment: IDENT ASSIGN expression

   25 expression: term
   26           | expression PLUS term
   27           | expression MINUS term

   28 term: factor
   29     | term TIMES factor
   30     | term DIVIDE factor
   31     | term MOD factor

   32 factor: primary_expression
   33       | PLUS primary_expression
   34       | MINUS primary_expression

   35 primary_expression: IDENT
   36                   | INTNUMBER
   37                   | DECIMALNUMBER
   38                   | LPAREN expression RPAREN


出現位置の規則による終端

$end (0) 0
error (256)
PLUS (258) 26 33
MINUS (259) 27 34
TIMES (260) 29
DIVIDE (261) 30
MOD (262) 31
ASSIGN (263) 24
IF (264) 7 8
ELSE (265) 8
WHILE (266) 9
UINT (267) 19
INT (268) 20
FIXED (269) 21
BOOL (270) 22
CHAR (271) 23
EQUAL (272) 13
NOTEQUAL (273) 14
LESS (274) 15
LESSEQUAL (275) 16
GREATER (276) 17
GREATEREQUAL (277) 18
SCAN (278) 10
PRINT (279) 11 12
INTNUMBER (280) 19 20 21 36
DECIMALNUMBER (281) 37
STR (282) 12
IDENT (283) 9 10 11 19 20 21 22 23 24 35
FN (284) 1
MAIN (285) 1
LPAREN (286) 1 7 8 9 10 11 12 19 20 21 38
RPAREN (287) 1 7 8 9 10 11 12 19 20 21 38
LBRACE (288) 1 7 8 9
RBRACE (289) 1 7 8 9
COMMA (290) 21
SEMI (291) 4 5 6


出現位置の規則による非終端

$accept (37)
    左辺: 0
program (38)
    左辺: 1, 右辺: 0
statements (39)
    左辺: 2 3, 右辺: 1 3 7 8 9
statement (40)
    左辺: 4 5 6 7 8 9, 右辺: 3
io (41)
    左辺: 10 11 12, 右辺: 6
condition (42)
    左辺: 13 14 15 16 17 18, 右辺: 7 8
declaration (43)
    左辺: 19 20 21 22 23, 右辺: 4
assignment (44)
    左辺: 24, 右辺: 5
expression (45)
    左辺: 25 26 27, 右辺: 13 14 15 16 17 18 24 26 27 38
term (46)
    左辺: 28 29 30 31, 右辺: 25 26 27 29 30 31
factor (47)
    左辺: 32 33 34, 右辺: 28 29 30 31
primary_expression (48)
    左辺: 35 36 37 38, 右辺: 32 33 34


状態 0

    0 $accept: . program $end

    FN  shift, and go to state 1

    program  go to state 2


状態 1

    1 program: FN . MAIN LPAREN RPAREN LBRACE statements RBRACE

    MAIN  shift, and go to state 3


状態 2

    0 $accept: program . $end

    $end  shift, and go to state 4


状態 3

    1 program: FN MAIN . LPAREN RPAREN LBRACE statements RBRACE

    LPAREN  shift, and go to state 5


状態 4

    0 $accept: program $end .

    $default  accept


状態 5

    1 program: FN MAIN LPAREN . RPAREN LBRACE statements RBRACE

    RPAREN  shift, and go to state 6


状態 6

    1 program: FN MAIN LPAREN RPAREN . LBRACE statements RBRACE

    LBRACE  shift, and go to state 7


状態 7

    1 program: FN MAIN LPAREN RPAREN LBRACE . statements RBRACE

    IF     shift, and go to state 8
    WHILE  shift, and go to state 9
    UINT   shift, and go to state 10
    INT    shift, and go to state 11
    FIXED  shift, and go to state 12
    BOOL   shift, and go to state 13
    CHAR   shift, and go to state 14
    SCAN   shift, and go to state 15
    PRINT  shift, and go to state 16
    IDENT  shift, and go to state 17

    $default  reduce using rule 2 (statements)

    statements   go to state 18
    statement    go to state 19
    io           go to state 20
    declaration  go to state 21
    assignment   go to state 22


状態 8

    7 statement: IF . LPAREN condition RPAREN LBRACE statements RBRACE
    8          | IF . LPAREN condition RPAREN LBRACE statements RBRACE ELSE LBRACE statements RBRACE

    LPAREN  shift, and go to state 23


状態 9

    9 statement: WHILE . LPAREN IDENT RPAREN LBRACE statements RBRACE

    LPAREN  shift, and go to state 24


状態 10

   19 declaration: UINT . LPAREN INTNUMBER RPAREN IDENT

    LPAREN  shift, and go to state 25


状態 11

   20 declaration: INT . LPAREN INTNUMBER RPAREN IDENT

    LPAREN  shift, and go to state 26


状態 12

   21 declaration: FIXED . LPAREN INTNUMBER COMMA INTNUMBER RPAREN IDENT

    LPAREN  shift, and go to state 27


状態 13

   22 declaration: BOOL . IDENT

    IDENT  shift, and go to state 28


状態 14

   23 declaration: CHAR . IDENT

    IDENT  shift, and go to state 29


状態 15

   10 io: SCAN . LPAREN IDENT RPAREN

    LPAREN  shift, and go to state 30


状態 16

   11 io: PRINT . LPAREN IDENT RPAREN
   12   | PRINT . LPAREN STR RPAREN

    LPAREN  shift, and go to state 31


状態 17

   24 assignment: IDENT . ASSIGN expression

    ASSIGN  shift, and go to state 32


状態 18

    1 program: FN MAIN LPAREN RPAREN LBRACE statements . RBRACE

    RBRACE  shift, and go to state 33


状態 19

    3 statements: statement . statements

    IF     shift, and go to state 8
    WHILE  shift, and go to state 9
    UINT   shift, and go to state 10
    INT    shift, and go to state 11
    FIXED  shift, and go to state 12
    BOOL   shift, and go to state 13
    CHAR   shift, and go to state 14
    SCAN   shift, and go to state 15
    PRINT  shift, and go to state 16
    IDENT  shift, and go to state 17

    $default  reduce using rule 2 (statements)

    statements   go to state 34
    statement    go to state 19
    io           go to state 20
    declaration  go to state 21
    assignment   go to state 22


状態 20

    6 statement: io . SEMI

    SEMI  shift, and go to state 35


状態 21

    4 statement: declaration . SEMI

    SEMI  shift, and go to state 36


状態 22

    5 statement: assignment . SEMI

    SEMI  shift, and go to state 37


状態 23

    7 statement: IF LPAREN . condition RPAREN LBRACE statements RBRACE
    8          | IF LPAREN . condition RPAREN LBRACE statements RBRACE ELSE LBRACE statements RBRACE

    PLUS           shift, and go to state 38
    MINUS          shift, and go to state 39
    INTNUMBER      shift, and go to state 40
    DECIMALNUMBER  shift, and go to state 41
    IDENT          shift, and go to state 42
    LPAREN         shift, and go to state 43

    condition           go to state 44
    expression          go to state 45
    term                go to state 46
    factor              go to state 47
    primary_expression  go to state 48


状態 24

    9 statement: WHILE LPAREN . IDENT RPAREN LBRACE statements RBRACE

    IDENT  shift, and go to state 49


状態 25

   19 declaration: UINT LPAREN . INTNUMBER RPAREN IDENT

    INTNUMBER  shift, and go to state 50


状態 26

   20 declaration: INT LPAREN . INTNUMBER RPAREN IDENT

    INTNUMBER  shift, and go to state 51


状態 27

   21 declaration: FIXED LPAREN . INTNUMBER COMMA INTNUMBER RPAREN IDENT

    INTNUMBER  shift, and go to state 52


状態 28

   22 declaration: BOOL IDENT .

    $default  reduce using rule 22 (declaration)


状態 29

   23 declaration: CHAR IDENT .

    $default  reduce using rule 23 (declaration)


状態 30

   10 io: SCAN LPAREN . IDENT RPAREN

    IDENT  shift, and go to state 53


状態 31

   11 io: PRINT LPAREN . IDENT RPAREN
   12   | PRINT LPAREN . STR RPAREN

    STR    shift, and go to state 54
    IDENT  shift, and go to state 55


状態 32

   24 assignment: IDENT ASSIGN . expression

    PLUS           shift, and go to state 38
    MINUS          shift, and go to state 39
    INTNUMBER      shift, and go to state 40
    DECIMALNUMBER  shift, and go to state 41
    IDENT          shift, and go to state 42
    LPAREN         shift, and go to state 43

    expression          go to state 56
    term                go to state 46
    factor              go to state 47
    primary_expression  go to state 48


状態 33

    1 program: FN MAIN LPAREN RPAREN LBRACE statements RBRACE .

    $default  reduce using rule 1 (program)


状態 34

    3 statements: statement statements .

    $default  reduce using rule 3 (statements)


状態 35

    6 statement: io SEMI .

    $default  reduce using rule 6 (statement)


状態 36

    4 statement: declaration SEMI .

    $default  reduce using rule 4 (statement)


状態 37

    5 statement: assignment SEMI .

    $default  reduce using rule 5 (statement)


状態 38

   33 factor: PLUS . primary_expression

    INTNUMBER      shift, and go to state 40
    DECIMALNUMBER  shift, and go to state 41
    IDENT          shift, and go to state 42
    LPAREN         shift, and go to state 43

    primary_expression  go to state 57


状態 39

   34 factor: MINUS . primary_expression

    INTNUMBER      shift, and go to state 40
    DECIMALNUMBER  shift, and go to state 41
    IDENT          shift, and go to state 42
    LPAREN         shift, and go to state 43

    primary_expression  go to state 58


状態 40

   36 primary_expression: INTNUMBER .

    $default  reduce using rule 36 (primary_expression)


状態 41

   37 primary_expression: DECIMALNUMBER .

    $default  reduce using rule 37 (primary_expression)


状態 42

   35 primary_expression: IDENT .

    $default  reduce using rule 35 (primary_expression)


状態 43

   38 primary_expression: LPAREN . expression RPAREN

    PLUS           shift, and go to state 38
    MINUS          shift, and go to state 39
    INTNUMBER      shift, and go to state 40
    DECIMALNUMBER  shift, and go to state 41
    IDENT          shift, and go to state 42
    LPAREN         shift, and go to state 43

    expression          go to state 59
    term                go to state 46
    factor              go to state 47
    primary_expression  go to state 48


状態 44

    7 statement: IF LPAREN condition . RPAREN LBRACE statements RBRACE
    8          | IF LPAREN condition . RPAREN LBRACE statements RBRACE ELSE LBRACE statements RBRACE

    RPAREN  shift, and go to state 60


状態 45

   13 condition: expression . EQUAL expression
   14          | expression . NOTEQUAL expression
   15          | expression . LESS expression
   16          | expression . LESSEQUAL expression
   17          | expression . GREATER expression
   18          | expression . GREATEREQUAL expression
   26 expression: expression . PLUS term
   27           | expression . MINUS term

    PLUS          shift, and go to state 61
    MINUS         shift, and go to state 62
    EQUAL         shift, and go to state 63
    NOTEQUAL      shift, and go to state 64
    LESS          shift, and go to state 65
    LESSEQUAL     shift, and go to state 66
    GREATER       shift, and go to state 67
    GREATEREQUAL  shift, and go to state 68


状態 46

   25 expression: term .
   29 term: term . TIMES factor
   30     | term . DIVIDE factor
   31     | term . MOD factor

    TIMES   shift, and go to state 69
    DIVIDE  shift, and go to state 70
    MOD     shift, and go to state 71

    $default  reduce using rule 25 (expression)


状態 47

   28 term: factor .

    $default  reduce using rule 28 (term)


状態 48

   32 factor: primary_expression .

    $default  reduce using rule 32 (factor)


状態 49

    9 statement: WHILE LPAREN IDENT . RPAREN LBRACE statements RBRACE

    RPAREN  shift, and go to state 72


状態 50

   19 declaration: UINT LPAREN INTNUMBER . RPAREN IDENT

    RPAREN  shift, and go to state 73


状態 51

   20 declaration: INT LPAREN INTNUMBER . RPAREN IDENT

    RPAREN  shift, and go to state 74


状態 52

   21 declaration: FIXED LPAREN INTNUMBER . COMMA INTNUMBER RPAREN IDENT

    COMMA  shift, and go to state 75


状態 53

   10 io: SCAN LPAREN IDENT . RPAREN

    RPAREN  shift, and go to state 76


状態 54

   12 io: PRINT LPAREN STR . RPAREN

    RPAREN  shift, and go to state 77


状態 55

   11 io: PRINT LPAREN IDENT . RPAREN

    RPAREN  shift, and go to state 78


状態 56

   24 assignment: IDENT ASSIGN expression .
   26 expression: expression . PLUS term
   27           | expression . MINUS term

    PLUS   shift, and go to state 61
    MINUS  shift, and go to state 62

    $default  reduce using rule 24 (assignment)


状態 57

   33 factor: PLUS primary_expression .

    $default  reduce using rule 33 (factor)


状態 58

   34 factor: MINUS primary_expression .

    $default  reduce using rule 34 (factor)


状態 59

   26 expression: expression . PLUS term
   27           | expression . MINUS term
   38 primary_expression: LPAREN expression . RPAREN

    PLUS    shift, and go to state 61
    MINUS   shift, and go to state 62
    RPAREN  shift, and go to state 79


状態 60

    7 statement: IF LPAREN condition RPAREN . LBRACE statements RBRACE
    8          | IF LPAREN condition RPAREN . LBRACE statements RBRACE ELSE LBRACE statements RBRACE

    LBRACE  shift, and go to state 80


状態 61

   26 expression: expression PLUS . term

    PLUS           shift, and go to state 38
    MINUS          shift, and go to state 39
    INTNUMBER      shift, and go to state 40
    DECIMALNUMBER  shift, and go to state 41
    IDENT          shift, and go to state 42
    LPAREN         shift, and go to state 43

    term                go to state 81
    factor              go to state 47
    primary_expression  go to state 48


状態 62

   27 expression: expression MINUS . term

    PLUS           shift, and go to state 38
    MINUS          shift, and go to state 39
    INTNUMBER      shift, and go to state 40
    DECIMALNUMBER  shift, and go to state 41
    IDENT          shift, and go to state 42
    LPAREN         shift, and go to state 43

    term                go to state 82
    factor              go to state 47
    primary_expression  go to state 48


状態 63

   13 condition: expression EQUAL . expression

    PLUS           shift, and go to state 38
    MINUS          shift, and go to state 39
    INTNUMBER      shift, and go to state 40
    DECIMALNUMBER  shift, and go to state 41
    IDENT          shift, and go to state 42
    LPAREN         shift, and go to state 43

    expression          go to state 83
    term                go to state 46
    factor              go to state 47
    primary_expression  go to state 48


状態 64

   14 condition: expression NOTEQUAL . expression

    PLUS           shift, and go to state 38
    MINUS          shift, and go to state 39
    INTNUMBER      shift, and go to state 40
    DECIMALNUMBER  shift, and go to state 41
    IDENT          shift, and go to state 42
    LPAREN         shift, and go to state 43

    expression          go to state 84
    term                go to state 46
    factor              go to state 47
    primary_expression  go to state 48


状態 65

   15 condition: expression LESS . expression

    PLUS           shift, and go to state 38
    MINUS          shift, and go to state 39
    INTNUMBER      shift, and go to state 40
    DECIMALNUMBER  shift, and go to state 41
    IDENT          shift, and go to state 42
    LPAREN         shift, and go to state 43

    expression          go to state 85
    term                go to state 46
    factor              go to state 47
    primary_expression  go to state 48


状態 66

   16 condition: expression LESSEQUAL . expression

    PLUS           shift, and go to state 38
    MINUS          shift, and go to state 39
    INTNUMBER      shift, and go to state 40
    DECIMALNUMBER  shift, and go to state 41
    IDENT          shift, and go to state 42
    LPAREN         shift, and go to state 43

    expression          go to state 86
    term                go to state 46
    factor              go to state 47
    primary_expression  go to state 48


状態 67

   17 condition: expression GREATER . expression

    PLUS           shift, and go to state 38
    MINUS          shift, and go to state 39
    INTNUMBER      shift, and go to state 40
    DECIMALNUMBER  shift, and go to state 41
    IDENT          shift, and go to state 42
    LPAREN         shift, and go to state 43

    expression          go to state 87
    term                go to state 46
    factor              go to state 47
    primary_expression  go to state 48


状態 68

   18 condition: expression GREATEREQUAL . expression

    PLUS           shift, and go to state 38
    MINUS          shift, and go to state 39
    INTNUMBER      shift, and go to state 40
    DECIMALNUMBER  shift, and go to state 41
    IDENT          shift, and go to state 42
    LPAREN         shift, and go to state 43

    expression          go to state 88
    term                go to state 46
    factor              go to state 47
    primary_expression  go to state 48


状態 69

   29 term: term TIMES . factor

    PLUS           shift, and go to state 38
    MINUS          shift, and go to state 39
    INTNUMBER      shift, and go to state 40
    DECIMALNUMBER  shift, and go to state 41
    IDENT          shift, and go to state 42
    LPAREN         shift, and go to state 43

    factor              go to state 89
    primary_expression  go to state 48


状態 70

   30 term: term DIVIDE . factor

    PLUS           shift, and go to state 38
    MINUS          shift, and go to state 39
    INTNUMBER      shift, and go to state 40
    DECIMALNUMBER  shift, and go to state 41
    IDENT          shift, and go to state 42
    LPAREN         shift, and go to state 43

    factor              go to state 90
    primary_expression  go to state 48


状態 71

   31 term: term MOD . factor

    PLUS           shift, and go to state 38
    MINUS          shift, and go to state 39
    INTNUMBER      shift, and go to state 40
    DECIMALNUMBER  shift, and go to state 41
    IDENT          shift, and go to state 42
    LPAREN         shift, and go to state 43

    factor              go to state 91
    primary_expression  go to state 48


状態 72

    9 statement: WHILE LPAREN IDENT RPAREN . LBRACE statements RBRACE

    LBRACE  shift, and go to state 92


状態 73

   19 declaration: UINT LPAREN INTNUMBER RPAREN . IDENT

    IDENT  shift, and go to state 93


状態 74

   20 declaration: INT LPAREN INTNUMBER RPAREN . IDENT

    IDENT  shift, and go to state 94


状態 75

   21 declaration: FIXED LPAREN INTNUMBER COMMA . INTNUMBER RPAREN IDENT

    INTNUMBER  shift, and go to state 95


状態 76

   10 io: SCAN LPAREN IDENT RPAREN .

    $default  reduce using rule 10 (io)


状態 77

   12 io: PRINT LPAREN STR RPAREN .

    $default  reduce using rule 12 (io)


状態 78

   11 io: PRINT LPAREN IDENT RPAREN .

    $default  reduce using rule 11 (io)


状態 79

   38 primary_expression: LPAREN expression RPAREN .

    $default  reduce using rule 38 (primary_expression)


状態 80

    7 statement: IF LPAREN condition RPAREN LBRACE . statements RBRACE
    8          | IF LPAREN condition RPAREN LBRACE . statements RBRACE ELSE LBRACE statements RBRACE

    IF     shift, and go to state 8
    WHILE  shift, and go to state 9
    UINT   shift, and go to state 10
    INT    shift, and go to state 11
    FIXED  shift, and go to state 12
    BOOL   shift, and go to state 13
    CHAR   shift, and go to state 14
    SCAN   shift, and go to state 15
    PRINT  shift, and go to state 16
    IDENT  shift, and go to state 17

    $default  reduce using rule 2 (statements)

    statements   go to state 96
    statement    go to state 19
    io           go to state 20
    declaration  go to state 21
    assignment   go to state 22


状態 81

   26 expression: expression PLUS term .
   29 term: term . TIMES factor
   30     | term . DIVIDE factor
   31     | term . MOD factor

    TIMES   shift, and go to state 69
    DIVIDE  shift, and go to state 70
    MOD     shift, and go to state 71

    $default  reduce using rule 26 (expression)


状態 82

   27 expression: expression MINUS term .
   29 term: term . TIMES factor
   30     | term . DIVIDE factor
   31     | term . MOD factor

    TIMES   shift, and go to state 69
    DIVIDE  shift, and go to state 70
    MOD     shift, and go to state 71

    $default  reduce using rule 27 (expression)


状態 83

   13 condition: expression EQUAL expression .
   26 expression: expression . PLUS term
   27           | expression . MINUS term

    PLUS   shift, and go to state 61
    MINUS  shift, and go to state 62

    $default  reduce using rule 13 (condition)


状態 84

   14 condition: expression NOTEQUAL expression .
   26 expression: expression . PLUS term
   27           | expression . MINUS term

    PLUS   shift, and go to state 61
    MINUS  shift, and go to state 62

    $default  reduce using rule 14 (condition)


状態 85

   15 condition: expression LESS expression .
   26 expression: expression . PLUS term
   27           | expression . MINUS term

    PLUS   shift, and go to state 61
    MINUS  shift, and go to state 62

    $default  reduce using rule 15 (condition)


状態 86

   16 condition: expression LESSEQUAL expression .
   26 expression: expression . PLUS term
   27           | expression . MINUS term

    PLUS   shift, and go to state 61
    MINUS  shift, and go to state 62

    $default  reduce using rule 16 (condition)


状態 87

   17 condition: expression GREATER expression .
   26 expression: expression . PLUS term
   27           | expression . MINUS term

    PLUS   shift, and go to state 61
    MINUS  shift, and go to state 62

    $default  reduce using rule 17 (condition)


状態 88

   18 condition: expression GREATEREQUAL expression .
   26 expression: expression . PLUS term
   27           | expression . MINUS term

    PLUS   shift, and go to state 61
    MINUS  shift, and go to state 62

    $default  reduce using rule 18 (condition)


状態 89

   29 term: term TIMES factor .

    $default  reduce using rule 29 (term)


状態 90

   30 term: term DIVIDE factor .

    $default  reduce using rule 30 (term)


状態 91

   31 term: term MOD factor .

    $default  reduce using rule 31 (term)


状態 92

    9 statement: WHILE LPAREN IDENT RPAREN LBRACE . statements RBRACE

    IF     shift, and go to state 8
    WHILE  shift, and go to state 9
    UINT   shift, and go to state 10
    INT    shift, and go to state 11
    FIXED  shift, and go to state 12
    BOOL   shift, and go to state 13
    CHAR   shift, and go to state 14
    SCAN   shift, and go to state 15
    PRINT  shift, and go to state 16
    IDENT  shift, and go to state 17

    $default  reduce using rule 2 (statements)

    statements   go to state 97
    statement    go to state 19
    io           go to state 20
    declaration  go to state 21
    assignment   go to state 22


状態 93

   19 declaration: UINT LPAREN INTNUMBER RPAREN IDENT .

    $default  reduce using rule 19 (declaration)


状態 94

   20 declaration: INT LPAREN INTNUMBER RPAREN IDENT .

    $default  reduce using rule 20 (declaration)


状態 95

   21 declaration: FIXED LPAREN INTNUMBER COMMA INTNUMBER . RPAREN IDENT

    RPAREN  shift, and go to state 98


状態 96

    7 statement: IF LPAREN condition RPAREN LBRACE statements . RBRACE
    8          | IF LPAREN condition RPAREN LBRACE statements . RBRACE ELSE LBRACE statements RBRACE

    RBRACE  shift, and go to state 99


状態 97

    9 statement: WHILE LPAREN IDENT RPAREN LBRACE statements . RBRACE

    RBRACE  shift, and go to state 100


状態 98

   21 declaration: FIXED LPAREN INTNUMBER COMMA INTNUMBER RPAREN . IDENT

    IDENT  shift, and go to state 101


状態 99

    7 statement: IF LPAREN condition RPAREN LBRACE statements RBRACE .
    8          | IF LPAREN condition RPAREN LBRACE statements RBRACE . ELSE LBRACE statements RBRACE

    ELSE  shift, and go to state 102

    $default  reduce using rule 7 (statement)


状態 100

    9 statement: WHILE LPAREN IDENT RPAREN LBRACE statements RBRACE .

    $default  reduce using rule 9 (statement)


状態 101

   21 declaration: FIXED LPAREN INTNUMBER COMMA INTNUMBER RPAREN IDENT .

    $default  reduce using rule 21 (declaration)


状態 102

    8 statement: IF LPAREN condition RPAREN LBRACE statements RBRACE ELSE . LBRACE statements RBRACE

    LBRACE  shift, and go to state 103


状態 103

    8 statement: IF LPAREN condition RPAREN LBRACE statements RBRACE ELSE LBRACE . statements RBRACE

    IF     shift, and go to state 8
    WHILE  shift, and go to state 9
    UINT   shift, and go to state 10
    INT    shift, and go to state 11
    FIXED  shift, and go to state 12
    BOOL   shift, and go to state 13
    CHAR   shift, and go to state 14
    SCAN   shift, and go to state 15
    PRINT  shift, and go to state 16
    IDENT  shift, and go to state 17

    $default  reduce using rule 2 (statements)

    statements   go to state 104
    statement    go to state 19
    io           go to state 20
    declaration  go to state 21
    assignment   go to state 22


状態 104

    8 statement: IF LPAREN condition RPAREN LBRACE statements RBRACE ELSE LBRACE statements . RBRACE

    RBRACE  shift, and go to state 105


状態 105

    8 statement: IF LPAREN condition RPAREN LBRACE statements RBRACE ELSE LBRACE statements RBRACE .

    $default  reduce using rule 8 (statement)
